github.com/britannic/blacklist/global/global.go:94.13,105.2 5 1
github.com/britannic/blacklist/global/global.go:108.37,110.18 2 1
github.com/britannic/blacklist/global/global.go:118.2,119.12 2 1
github.com/britannic/blacklist/global/global.go:111.2,112.16 1 1
github.com/britannic/blacklist/global/global.go:114.2,115.14 1 1
github.com/britannic/blacklist/global/global.go:123.25,126.2 2 1
github.com/britannic/blacklist/global/global.go:129.23,131.16 2 1
github.com/britannic/blacklist/global/global.go:131.16,134.3 2 1
github.com/britannic/blacklist/global/global.go:138.27,139.14 1 1
github.com/britannic/blacklist/global/global.go:140.2,143.37 3 1
github.com/britannic/blacklist/global/global.go:145.2,147.17 2 1
github.com/britannic/blacklist/global/global.go:150.3,153.62 3 1
github.com/britannic/blacklist/global/global.go:147.17,149.4 1 0
github.com/britannic/blacklist/global/global.go:94.13,105.2 5 1
github.com/britannic/blacklist/global/global.go:108.37,110.18 2 1
github.com/britannic/blacklist/global/global.go:118.2,119.12 2 1
github.com/britannic/blacklist/global/global.go:111.2,112.16 1 1
github.com/britannic/blacklist/global/global.go:114.2,115.14 1 1
github.com/britannic/blacklist/global/global.go:123.25,126.2 2 1
github.com/britannic/blacklist/global/global.go:129.23,131.16 2 1
github.com/britannic/blacklist/global/global.go:131.16,134.3 2 1
github.com/britannic/blacklist/global/global.go:138.27,139.14 1 1
github.com/britannic/blacklist/global/global.go:140.2,143.37 3 1
github.com/britannic/blacklist/global/global.go:145.2,147.17 2 1
github.com/britannic/blacklist/global/global.go:150.3,153.62 3 1
github.com/britannic/blacklist/global/global.go:147.17,149.4 1 0
github.com/britannic/blacklist/global/global.go:97.13,108.2 5 1
github.com/britannic/blacklist/global/global.go:111.37,113.18 2 1
github.com/britannic/blacklist/global/global.go:121.2,122.12 2 1
github.com/britannic/blacklist/global/global.go:114.2,115.16 1 1
github.com/britannic/blacklist/global/global.go:117.2,118.14 1 1
github.com/britannic/blacklist/global/global.go:126.25,129.2 2 1
github.com/britannic/blacklist/global/global.go:132.23,134.16 2 1
github.com/britannic/blacklist/global/global.go:134.16,137.3 2 1
github.com/britannic/blacklist/global/global.go:141.27,142.14 1 1
github.com/britannic/blacklist/global/global.go:143.2,146.37 3 1
github.com/britannic/blacklist/global/global.go:148.2,150.17 2 1
github.com/britannic/blacklist/global/global.go:153.3,155.62 3 1
github.com/britannic/blacklist/global/global.go:150.17,152.4 1 0
github.com/britannic/blacklist/global/global.go:97.13,108.2 5 1
github.com/britannic/blacklist/global/global.go:111.37,113.18 2 1
github.com/britannic/blacklist/global/global.go:121.2,122.12 2 1
github.com/britannic/blacklist/global/global.go:114.2,115.16 1 1
github.com/britannic/blacklist/global/global.go:117.2,118.14 1 1
github.com/britannic/blacklist/global/global.go:126.25,129.2 2 1
github.com/britannic/blacklist/global/global.go:132.23,134.16 2 1
github.com/britannic/blacklist/global/global.go:134.16,137.3 2 1
github.com/britannic/blacklist/global/global.go:141.27,142.14 1 1
github.com/britannic/blacklist/global/global.go:143.2,146.37 3 1
github.com/britannic/blacklist/global/global.go:148.2,150.17 2 1
github.com/britannic/blacklist/global/global.go:153.3,155.62 3 1
github.com/britannic/blacklist/global/global.go:150.17,152.4 1 0
