mode: set
github.com/britannic/blacklist/check/check.go:39.44,47.19 2 1
github.com/britannic/blacklist/check/check.go:69.2,69.12 1 1
github.com/britannic/blacklist/check/check.go:47.19,48.28 1 1
github.com/britannic/blacklist/check/check.go:48.28,52.45 2 1
github.com/britannic/blacklist/check/check.go:56.4,56.17 1 1
github.com/britannic/blacklist/check/check.go:60.4,63.43 3 1
github.com/britannic/blacklist/check/check.go:52.45,54.5 1 0
github.com/britannic/blacklist/check/check.go:56.17,58.5 1 1
github.com/britannic/blacklist/check/check.go:63.43,66.5 2 0
github.com/britannic/blacklist/check/check.go:73.47,80.19 3 1
github.com/britannic/blacklist/check/check.go:106.2,106.13 1 1
github.com/britannic/blacklist/check/check.go:80.19,81.31 1 1
github.com/britannic/blacklist/check/check.go:81.31,85.45 3 1
github.com/britannic/blacklist/check/check.go:90.4,90.17 1 1
github.com/britannic/blacklist/check/check.go:94.4,97.27 3 1
github.com/britannic/blacklist/check/check.go:85.45,88.5 2 0
github.com/britannic/blacklist/check/check.go:90.17,92.5 1 1
github.com/britannic/blacklist/check/check.go:97.27,98.30 1 0
github.com/britannic/blacklist/check/check.go:98.30,101.6 2 0
github.com/britannic/blacklist/check/check.go:110.52,118.41 2 1
github.com/britannic/blacklist/check/check.go:131.2,131.31 1 1
github.com/britannic/blacklist/check/check.go:171.2,171.13 1 1
github.com/britannic/blacklist/check/check.go:118.41,119.23 1 1
github.com/britannic/blacklist/check/check.go:127.3,128.15 2 1
github.com/britannic/blacklist/check/check.go:119.23,121.16 2 1
github.com/britannic/blacklist/check/check.go:122.4,124.87 2 1
github.com/britannic/blacklist/check/check.go:131.31,132.31 1 1
github.com/britannic/blacklist/check/check.go:132.31,136.18 3 1
github.com/britannic/blacklist/check/check.go:161.4,162.27 2 1
github.com/britannic/blacklist/check/check.go:137.4,138.46 1 1
github.com/britannic/blacklist/check/check.go:143.5,143.18 1 1
github.com/britannic/blacklist/check/check.go:147.5,148.31 2 1
github.com/britannic/blacklist/check/check.go:152.4,153.46 1 1
github.com/britannic/blacklist/check/check.go:158.5,158.52 1 1
github.com/britannic/blacklist/check/check.go:138.46,141.6 2 0
github.com/britannic/blacklist/check/check.go:143.18,145.6 1 1
github.com/britannic/blacklist/check/check.go:148.31,150.6 1 1
github.com/britannic/blacklist/check/check.go:153.46,156.6 2 0
github.com/britannic/blacklist/check/check.go:162.27,163.31 1 1
github.com/britannic/blacklist/check/check.go:163.31,166.6 2 0
github.com/britannic/blacklist/check/check.go:175.39,182.51 2 1
github.com/britannic/blacklist/check/check.go:187.2,187.19 1 1
github.com/britannic/blacklist/check/check.go:194.2,194.55 1 1
github.com/britannic/blacklist/check/check.go:199.2,199.13 1 1
github.com/britannic/blacklist/check/check.go:182.51,185.3 2 0
github.com/britannic/blacklist/check/check.go:187.19,188.31 1 1
github.com/britannic/blacklist/check/check.go:188.31,191.4 2 1
github.com/britannic/blacklist/check/check.go:194.55,197.3 2 0
github.com/britannic/blacklist/check/check.go:203.36,212.19 2 1
github.com/britannic/blacklist/check/check.go:232.2,232.13 1 1
github.com/britannic/blacklist/check/check.go:212.19,213.31 1 1
github.com/britannic/blacklist/check/check.go:213.31,216.45 3 1
github.com/britannic/blacklist/check/check.go:221.4,223.27 2 1
github.com/britannic/blacklist/check/check.go:216.45,219.5 2 0
github.com/britannic/blacklist/check/check.go:223.27,224.37 1 1
github.com/britannic/blacklist/check/check.go:224.37,227.6 2 0
github.com/britannic/blacklist/check/check.go:236.34,246.41 5 1
github.com/britannic/blacklist/check/check.go:251.2,254.31 3 1
github.com/britannic/blacklist/check/check.go:259.2,259.13 1 1
github.com/britannic/blacklist/check/check.go:246.41,249.3 2 0
github.com/britannic/blacklist/check/check.go:254.31,257.3 2 0
github.com/britannic/blacklist/check/check.go:263.43,264.25 1 1
github.com/britannic/blacklist/check/check.go:269.2,269.10 1 1
github.com/britannic/blacklist/check/check.go:264.25,265.56 1 1
github.com/britannic/blacklist/check/check.go:265.56,267.4 1 1
github.com/britannic/blacklist/check/check.go:273.41,275.25 1 1
github.com/britannic/blacklist/check/check.go:280.2,280.10 1 1
github.com/britannic/blacklist/check/check.go:275.25,276.56 1 1
github.com/britannic/blacklist/check/check.go:276.56,278.4 1 1
github.com/britannic/blacklist/check/check.go:284.43,294.19 2 0
github.com/britannic/blacklist/check/check.go:329.2,329.13 1 0
github.com/britannic/blacklist/check/check.go:294.19,295.31 1 0
github.com/britannic/blacklist/check/check.go:295.31,299.45 3 0
github.com/britannic/blacklist/check/check.go:303.4,306.29 2 0
github.com/britannic/blacklist/check/check.go:299.45,302.5 2 0
github.com/britannic/blacklist/check/check.go:306.29,307.38 1 0
github.com/britannic/blacklist/check/check.go:311.5,313.12 2 0
github.com/britannic/blacklist/check/check.go:307.38,309.6 1 0
github.com/britannic/blacklist/check/check.go:314.5,315.19 1 0
github.com/britannic/blacklist/check/check.go:317.5,318.30 1 0
github.com/britannic/blacklist/check/check.go:318.30,319.20 1 0
github.com/britannic/blacklist/check/check.go:319.20,322.8 2 0
github.com/britannic/blacklist/config/config.go:26.44,27.22 1 1
github.com/britannic/blacklist/config/config.go:30.2,31.8 2 1
github.com/britannic/blacklist/config/config.go:27.22,29.3 1 1
github.com/britannic/blacklist/config/config.go:35.45,36.36 1 1
github.com/britannic/blacklist/config/config.go:41.2,42.8 2 1
github.com/britannic/blacklist/config/config.go:36.36,37.36 1 1
github.com/britannic/blacklist/config/config.go:37.36,39.4 1 1
github.com/britannic/blacklist/config/config.go:46.45,49.36 1 1
github.com/britannic/blacklist/config/config.go:77.2,77.8 1 1
github.com/britannic/blacklist/config/config.go:49.36,52.34 2 1
github.com/britannic/blacklist/config/config.go:56.3,56.39 1 1
github.com/britannic/blacklist/config/config.go:63.3,63.39 1 1
github.com/britannic/blacklist/config/config.go:70.3,70.38 1 1
github.com/britannic/blacklist/config/config.go:75.3,75.17 1 1
github.com/britannic/blacklist/config/config.go:52.34,54.4 1 1
github.com/britannic/blacklist/config/config.go:56.39,58.44 2 1
github.com/britannic/blacklist/config/config.go:58.44,60.5 1 1
github.com/britannic/blacklist/config/config.go:63.39,65.44 2 1
github.com/britannic/blacklist/config/config.go:65.44,67.5 1 1
github.com/britannic/blacklist/config/config.go:70.38,71.41 1 1
github.com/britannic/blacklist/config/config.go:71.41,73.5 1 1
github.com/britannic/blacklist/config/config.go:81.37,103.22 3 1
github.com/britannic/blacklist/config/config.go:106.2,106.8 1 1
github.com/britannic/blacklist/config/config.go:103.22,105.3 1 1
github.com/britannic/blacklist/config/config.go:110.39,113.35 3 1
github.com/britannic/blacklist/config/config.go:117.2,117.8 1 1
github.com/britannic/blacklist/config/config.go:113.35,116.3 2 1
github.com/britannic/blacklist/config/config.go:124.40,125.29 1 1
github.com/britannic/blacklist/config/config.go:128.2,128.14 1 0
github.com/britannic/blacklist/config/config.go:125.29,127.3 1 1
github.com/britannic/blacklist/config/config.go:132.43,134.22 2 1
github.com/britannic/blacklist/config/config.go:140.2,140.20 1 0
github.com/britannic/blacklist/config/config.go:144.2,144.14 1 0
github.com/britannic/blacklist/config/config.go:134.22,135.21 1 1
github.com/britannic/blacklist/config/config.go:135.21,137.4 1 1
github.com/britannic/blacklist/config/config.go:140.20,142.3 1 0
github.com/britannic/blacklist/config/config.go:151.25,151.42 1 1
github.com/britannic/blacklist/config/config.go:154.30,154.57 1 1
github.com/britannic/blacklist/config/config.go:157.35,157.57 1 1
github.com/britannic/blacklist/config/config.go:187.28,189.34 1 1
github.com/britannic/blacklist/config/config.go:192.2,192.14 1 1
github.com/britannic/blacklist/config/config.go:189.34,191.3 1 1
github.com/britannic/blacklist/config/config.go:196.38,197.18 1 1
github.com/britannic/blacklist/config/config.go:212.2,212.8 1 1
github.com/britannic/blacklist/config/config.go:197.18,199.12 2 1
github.com/britannic/blacklist/config/config.go:200.3,201.30 1 1
github.com/britannic/blacklist/config/config.go:202.3,203.32 1 1
github.com/britannic/blacklist/config/config.go:204.3,205.33 1 1
github.com/britannic/blacklist/config/config.go:206.3,207.27 1 1
github.com/britannic/blacklist/config/config.go:208.3,209.22 1 1
github.com/britannic/blacklist/config/config.go:216.62,219.29 3 0
github.com/britannic/blacklist/config/config.go:223.2,227.16 4 0
github.com/britannic/blacklist/config/config.go:231.2,232.15 2 0
github.com/britannic/blacklist/config/config.go:219.29,221.3 1 0
github.com/britannic/blacklist/config/config.go:227.16,229.3 1 0
github.com/britannic/blacklist/config/config.go:236.23,240.32 4 1
github.com/britannic/blacklist/config/config.go:245.2,245.14 1 1
github.com/britannic/blacklist/config/config.go:240.32,241.26 1 0
github.com/britannic/blacklist/config/config.go:241.26,243.4 1 0
github.com/britannic/blacklist/config/config.go:249.55,256.18 2 1
github.com/britannic/blacklist/config/config.go:261.2,265.48 3 1
github.com/britannic/blacklist/config/config.go:324.2,324.22 1 1
github.com/britannic/blacklist/config/config.go:256.18,259.3 2 1
github.com/britannic/blacklist/config/config.go:265.48,268.10 2 1
github.com/britannic/blacklist/config/config.go:269.3,271.21 2 1
github.com/britannic/blacklist/config/config.go:278.3,283.32 5 1
github.com/britannic/blacklist/config/config.go:285.3,290.26 4 1
github.com/britannic/blacklist/config/config.go:294.3,295.59 1 1
github.com/britannic/blacklist/config/config.go:297.3,300.19 2 1
github.com/britannic/blacklist/config/config.go:314.3,315.17 1 1
github.com/britannic/blacklist/config/config.go:317.3,319.31 2 1
github.com/britannic/blacklist/config/config.go:272.4,273.71 1 1
github.com/britannic/blacklist/config/config.go:274.4,275.71 1 1
github.com/britannic/blacklist/config/config.go:290.26,292.5 1 1
github.com/britannic/blacklist/config/config.go:301.4,302.47 1 1
github.com/britannic/blacklist/config/config.go:304.4,305.46 1 1
github.com/britannic/blacklist/config/config.go:307.4,308.47 1 1
github.com/britannic/blacklist/config/config.go:310.4,311.32 1 1
github.com/britannic/blacklist/data/data.go:25.36,26.9 1 1
github.com/britannic/blacklist/data/data.go:27.2,28.9 1 1
github.com/britannic/blacklist/data/data.go:29.2,30.29 1 0
github.com/britannic/blacklist/data/data.go:31.2,32.28 1 0
github.com/britannic/blacklist/data/data.go:37.47,39.22 2 1
github.com/britannic/blacklist/data/data.go:43.2,43.24 1 1
github.com/britannic/blacklist/data/data.go:48.2,48.8 1 1
github.com/britannic/blacklist/data/data.go:39.22,41.3 1 1
github.com/britannic/blacklist/data/data.go:43.24,44.27 1 1
github.com/britannic/blacklist/data/data.go:44.27,46.4 1 1
github.com/britannic/blacklist/data/data.go:52.50,55.2 2 1
github.com/britannic/blacklist/data/data.go:58.45,60.22 2 1
github.com/britannic/blacklist/data/data.go:65.2,65.11 1 1
github.com/britannic/blacklist/data/data.go:60.22,61.40 1 1
github.com/britannic/blacklist/data/data.go:61.40,63.4 1 1
github.com/britannic/blacklist/data/data.go:69.51,77.16 4 1
github.com/britannic/blacklist/data/data.go:86.2,86.16 1 1
github.com/britannic/blacklist/data/data.go:91.2,91.18 1 1
github.com/britannic/blacklist/data/data.go:77.16,82.3 3 1
github.com/britannic/blacklist/data/data.go:82.3,84.3 1 0
github.com/britannic/blacklist/data/data.go:86.16,90.3 3 1
github.com/britannic/blacklist/data/data.go:95.40,97.33 2 1
github.com/britannic/blacklist/data/data.go:100.2,100.10 1 1
github.com/britannic/blacklist/data/data.go:97.33,99.3 1 1
github.com/britannic/blacklist/data/data.go:104.36,106.31 2 1
github.com/britannic/blacklist/data/data.go:109.2,111.36 2 1
github.com/britannic/blacklist/data/data.go:119.2,119.33 1 1
github.com/britannic/blacklist/data/data.go:124.2,124.29 1 1
github.com/britannic/blacklist/data/data.go:127.2,127.10 1 1
github.com/britannic/blacklist/data/data.go:106.31,108.3 1 1
github.com/britannic/blacklist/data/data.go:111.36,112.29 1 1
github.com/britannic/blacklist/data/data.go:115.3,116.15 2 1
github.com/britannic/blacklist/data/data.go:112.29,114.4 1 1
github.com/britannic/blacklist/data/data.go:119.33,122.3 2 1
github.com/britannic/blacklist/data/data.go:124.29,126.3 1 1
github.com/britannic/blacklist/data/data.go:134.42,137.22 2 1
github.com/britannic/blacklist/data/data.go:153.2,153.10 1 1
github.com/britannic/blacklist/data/data.go:137.22,139.26 2 1
github.com/britannic/blacklist/data/data.go:139.26,143.24 3 1
github.com/britannic/blacklist/data/data.go:146.4,146.37 1 1
github.com/britannic/blacklist/data/data.go:150.4,150.18 1 1
github.com/britannic/blacklist/data/data.go:143.24,145.5 1 1
github.com/britannic/blacklist/data/data.go:146.37,149.5 2 1
github.com/britannic/blacklist/data/data.go:157.45,159.16 2 1
github.com/britannic/blacklist/data/data.go:163.2,163.26 1 1
github.com/britannic/blacklist/data/data.go:168.2,168.14 1 1
github.com/britannic/blacklist/data/data.go:159.16,161.3 1 0
github.com/britannic/blacklist/data/data.go:163.26,164.41 1 1
github.com/britannic/blacklist/data/data.go:164.41,166.4 1 1
github.com/britannic/blacklist/data/data.go:172.72,177.15 3 1
github.com/britannic/blacklist/data/data.go:230.2,230.10 1 1
github.com/britannic/blacklist/data/data.go:177.15,180.10 2 1
github.com/britannic/blacklist/data/data.go:181.3,182.17 1 1
github.com/britannic/blacklist/data/data.go:184.3,187.10 3 1
github.com/britannic/blacklist/data/data.go:225.3,226.17 1 1
github.com/britannic/blacklist/data/data.go:187.10,191.32 2 1
github.com/britannic/blacklist/data/data.go:191.32,196.13 4 1
github.com/britannic/blacklist/data/data.go:197.6,198.20 1 1
github.com/britannic/blacklist/data/data.go:200.6,201.17 1 1
github.com/britannic/blacklist/data/data.go:203.6,204.21 1 0
github.com/britannic/blacklist/data/data.go:206.6,207.14 1 1
github.com/britannic/blacklist/data/data.go:218.6,220.23 2 1
github.com/britannic/blacklist/data/data.go:208.7,211.24 3 1
github.com/britannic/blacklist/data/data.go:213.7,215.24 2 1
github.com/britannic/blacklist/data/data.go:243.42,244.22 1 0
github.com/britannic/blacklist/data/data.go:247.2,247.10 1 0
github.com/britannic/blacklist/data/data.go:244.22,246.3 1 0
github.com/britannic/blacklist/data/data.go:251.45,253.19 2 1
github.com/britannic/blacklist/data/data.go:259.2,262.44 3 1
github.com/britannic/blacklist/data/data.go:268.2,268.21 1 1
github.com/britannic/blacklist/data/data.go:272.2,272.12 1 1
github.com/britannic/blacklist/data/data.go:253.19,254.26 1 1
github.com/britannic/blacklist/data/data.go:254.26,256.4 1 1
github.com/britannic/blacklist/data/data.go:262.44,263.38 1 1
github.com/britannic/blacklist/data/data.go:263.38,265.4 1 0
github.com/britannic/blacklist/data/data.go:268.21,270.3 1 0
github.com/britannic/blacklist/data/data.go:276.76,279.9 2 1
github.com/britannic/blacklist/data/data.go:295.2,298.13 4 1
github.com/britannic/blacklist/data/data.go:280.2,281.30 1 1
github.com/britannic/blacklist/data/data.go:284.3,285.11 2 1
github.com/britannic/blacklist/data/data.go:287.2,288.11 1 1
github.com/britannic/blacklist/data/data.go:290.2,292.31 2 1
github.com/britannic/blacklist/data/data.go:281.30,283.4 1 0
github.com/britannic/blacklist/global/global.go:64.13,66.16 2 1
github.com/britannic/blacklist/global/global.go:67.2,69.17 2 1
github.com/britannic/blacklist/global/global.go:72.3,73.44 2 1
github.com/britannic/blacklist/global/global.go:74.2,77.37 3 0
github.com/britannic/blacklist/global/global.go:69.17,71.4 1 0
github.com/britannic/blacklist/regx/regx.go:20.36,22.11 2 1
github.com/britannic/blacklist/regx/regx.go:56.2,56.8 1 1
github.com/britannic/blacklist/regx/regx.go:23.2,24.36 1 1
github.com/britannic/blacklist/regx/regx.go:25.2,26.36 1 1
github.com/britannic/blacklist/regx/regx.go:27.2,28.36 1 1
github.com/britannic/blacklist/regx/regx.go:29.2,30.36 1 1
github.com/britannic/blacklist/regx/regx.go:31.2,32.36 1 1
github.com/britannic/blacklist/regx/regx.go:33.2,34.36 1 1
github.com/britannic/blacklist/regx/regx.go:35.2,36.36 1 1
github.com/britannic/blacklist/regx/regx.go:37.2,38.36 1 1
github.com/britannic/blacklist/regx/regx.go:39.2,40.36 1 1
github.com/britannic/blacklist/regx/regx.go:41.2,42.36 1 1
github.com/britannic/blacklist/regx/regx.go:43.2,44.36 1 1
github.com/britannic/blacklist/regx/regx.go:45.2,46.36 1 0
github.com/britannic/blacklist/regx/regx.go:47.2,48.36 1 0
github.com/britannic/blacklist/regx/regx.go:49.2,50.36 1 0
github.com/britannic/blacklist/regx/regx.go:51.2,52.36 1 1
github.com/britannic/blacklist/regx/regx.go:53.2,54.36 1 1
github.com/britannic/blacklist/regx/regx.go:59.41,63.36 2 1
github.com/britannic/blacklist/regx/regx.go:68.2,68.8 1 1
github.com/britannic/blacklist/regx/regx.go:63.36,67.3 1 1
github.com/britannic/blacklist/utils/utils.go:17.32,19.35 1 1
github.com/britannic/blacklist/utils/utils.go:27.2,27.35 1 1
github.com/britannic/blacklist/utils/utils.go:33.2,33.10 1 1
github.com/britannic/blacklist/utils/utils.go:19.35,20.18 1 1
github.com/britannic/blacklist/utils/utils.go:20.18,22.9 2 1
github.com/britannic/blacklist/utils/utils.go:27.35,28.18 1 1
github.com/britannic/blacklist/utils/utils.go:28.18,30.9 2 1
github.com/britannic/blacklist/utils/utils.go:37.32,38.30 1 1
github.com/britannic/blacklist/utils/utils.go:41.2,41.14 1 1
github.com/britannic/blacklist/utils/utils.go:38.30,40.3 1 1
github.com/britannic/blacklist/utils/utils.go:45.54,46.15 1 1
github.com/britannic/blacklist/utils/utils.go:49.2,49.10 1 1
github.com/britannic/blacklist/utils/utils.go:46.15,48.3 1 1
github.com/britannic/blacklist/utils/utils.go:53.60,54.15 1 1
github.com/britannic/blacklist/utils/utils.go:57.2,57.10 1 1
github.com/britannic/blacklist/utils/utils.go:54.15,56.3 1 1
github.com/britannic/blacklist/utils/utils.go:61.58,65.2 3 1
github.com/britannic/blacklist/utils/utils.go:68.21,70.15 2 1
github.com/britannic/blacklist/utils/utils.go:71.2,72.14 1 0
github.com/britannic/blacklist/utils/utils.go:73.2,74.15 1 1
github.com/britannic/blacklist/utils/utils.go:79.42,85.2 4 1
github.com/britannic/blacklist/utils/utils.go:88.49,90.16 2 1
github.com/britannic/blacklist/utils/utils.go:94.2,94.21 1 1
github.com/britannic/blacklist/utils/utils.go:101.2,104.6 4 1
github.com/britannic/blacklist/utils/utils.go:123.2,123.12 1 1
github.com/britannic/blacklist/utils/utils.go:90.16,92.3 1 1
github.com/britannic/blacklist/utils/utils.go:94.21,95.34 1 1
github.com/britannic/blacklist/utils/utils.go:98.3,98.13 1 1
github.com/britannic/blacklist/utils/utils.go:95.34,97.4 1 0
github.com/britannic/blacklist/utils/utils.go:104.6,106.34 2 1
github.com/britannic/blacklist/utils/utils.go:110.3,110.13 1 1
github.com/britannic/blacklist/utils/utils.go:114.3,114.44 1 1
github.com/britannic/blacklist/utils/utils.go:118.3,118.34 1 1
github.com/britannic/blacklist/utils/utils.go:106.34,108.4 1 0
github.com/britannic/blacklist/utils/utils.go:110.13,111.9 1 1
github.com/britannic/blacklist/utils/utils.go:114.44,116.4 1 0
github.com/britannic/blacklist/utils/utils.go:118.34,120.4 1 0
github.com/britannic/blacklist/jobs.go:18.80,25.29 5 1
github.com/britannic/blacklist/jobs.go:28.2,29.8 2 1
github.com/britannic/blacklist/jobs.go:25.29,27.3 1 1
github.com/britannic/blacklist/jobs.go:41.25,45.37 2 1
github.com/britannic/blacklist/jobs.go:59.2,59.6 1 1
github.com/britannic/blacklist/jobs.go:45.37,46.10 1 1
github.com/britannic/blacklist/jobs.go:47.3,48.59 1 1
github.com/britannic/blacklist/jobs.go:52.3,53.41 1 0
github.com/britannic/blacklist/jobs.go:55.3,56.13 1 1
github.com/britannic/blacklist/jobs.go:48.59,50.5 1 0
github.com/britannic/blacklist/jobs.go:59.6,60.10 1 1
github.com/britannic/blacklist/jobs.go:61.3,62.59 1 1
github.com/britannic/blacklist/jobs.go:66.3,67.42 1 0
github.com/britannic/blacklist/jobs.go:69.3,70.10 1 1
github.com/britannic/blacklist/jobs.go:62.59,64.5 1 0
github.com/britannic/blacklist/jobs.go:76.72,81.25 4 1
github.com/britannic/blacklist/jobs.go:92.2,95.12 3 1
github.com/britannic/blacklist/jobs.go:81.25,90.3 5 1
github.com/britannic/blacklist/jobs.go:105.21,108.9 3 1
github.com/britannic/blacklist/jobs.go:121.2,121.61 1 1
github.com/britannic/blacklist/jobs.go:109.2,110.33 1 1
github.com/britannic/blacklist/jobs.go:114.2,114.10 0 1
github.com/britannic/blacklist/jobs.go:110.33,112.4 1 1
github.com/britannic/blacklist/jobs.go:125.69,126.27 1 1
github.com/britannic/blacklist/jobs.go:131.2,131.13 1 1
github.com/britannic/blacklist/jobs.go:126.27,130.3 2 1
github.com/britannic/blacklist/jobs.go:135.52,136.24 1 1
github.com/britannic/blacklist/jobs.go:140.2,140.20 1 1
github.com/britannic/blacklist/jobs.go:136.24,139.3 1 1
github.com/britannic/blacklist/main.go:27.13,38.16 4 0
github.com/britannic/blacklist/main.go:43.2,45.9 2 0
github.com/britannic/blacklist/main.go:68.2,70.51 2 0
github.com/britannic/blacklist/main.go:90.2,90.16 1 0
github.com/britannic/blacklist/main.go:94.2,94.43 1 0
github.com/britannic/blacklist/main.go:110.2,112.16 3 0
github.com/britannic/blacklist/main.go:115.2,115.44 1 0
github.com/britannic/blacklist/main.go:38.16,41.3 2 0
github.com/britannic/blacklist/main.go:46.2,47.15 1 0
github.com/britannic/blacklist/main.go:49.2,51.34 2 0
github.com/britannic/blacklist/main.go:53.2,55.16 2 0
github.com/britannic/blacklist/main.go:57.2,60.13 2 0
github.com/britannic/blacklist/main.go:62.2,64.27 2 0
github.com/britannic/blacklist/main.go:70.51,71.19 1 0
github.com/britannic/blacklist/main.go:72.3,75.18 3 0
github.com/britannic/blacklist/main.go:78.4,78.17 1 0
github.com/britannic/blacklist/main.go:80.3,83.18 2 0
github.com/britannic/blacklist/main.go:86.4,87.17 2 0
github.com/britannic/blacklist/main.go:75.18,77.5 1 0
github.com/britannic/blacklist/main.go:83.18,85.5 1 0
github.com/britannic/blacklist/main.go:90.16,92.3 1 0
github.com/britannic/blacklist/main.go:94.43,98.58 2 0
github.com/britannic/blacklist/main.go:102.3,105.60 3 0
github.com/britannic/blacklist/main.go:98.58,100.4 1 0
github.com/britannic/blacklist/main.go:105.60,107.4 1 0
github.com/britannic/blacklist/main.go:112.16,114.3 1 0
github.com/britannic/blacklist/opts.go:16.31,26.2 7 0
