mode: count
github.com/britannic/blacklist/jobs.go:18.80,25.29 5 2
github.com/britannic/blacklist/jobs.go:28.2,29.8 2 2
github.com/britannic/blacklist/jobs.go:25.29,27.3 1 8
github.com/britannic/blacklist/jobs.go:41.25,45.37 2 2
github.com/britannic/blacklist/jobs.go:59.2,59.6 1 2
github.com/britannic/blacklist/jobs.go:45.37,46.10 1 13
github.com/britannic/blacklist/jobs.go:47.3,48.59 1 5
github.com/britannic/blacklist/jobs.go:52.3,53.41 1 0
github.com/britannic/blacklist/jobs.go:55.3,56.13 1 8
github.com/britannic/blacklist/jobs.go:48.59,50.5 1 0
github.com/britannic/blacklist/jobs.go:59.6,60.10 1 7
github.com/britannic/blacklist/jobs.go:61.3,62.59 1 5
github.com/britannic/blacklist/jobs.go:66.3,67.42 1 0
github.com/britannic/blacklist/jobs.go:69.3,70.10 1 2
github.com/britannic/blacklist/jobs.go:62.59,64.5 1 0
github.com/britannic/blacklist/jobs.go:76.72,81.25 4 10
github.com/britannic/blacklist/jobs.go:92.2,95.12 3 2
github.com/britannic/blacklist/jobs.go:81.25,90.3 5 8
github.com/britannic/blacklist/jobs.go:105.21,108.9 3 10
github.com/britannic/blacklist/jobs.go:121.2,121.61 1 10
github.com/britannic/blacklist/jobs.go:109.2,110.33 1 2
github.com/britannic/blacklist/jobs.go:114.2,114.10 0 8
github.com/britannic/blacklist/jobs.go:110.33,112.4 1 9
github.com/britannic/blacklist/jobs.go:125.69,126.27 1 2
github.com/britannic/blacklist/jobs.go:131.2,131.13 1 2
github.com/britannic/blacklist/jobs.go:126.27,130.3 2 10
github.com/britannic/blacklist/jobs.go:135.52,136.24 1 8
github.com/britannic/blacklist/jobs.go:140.2,140.20 1 8
github.com/britannic/blacklist/jobs.go:136.24,139.3 1 10
github.com/britannic/blacklist/main.go:27.13,38.16 4 0
github.com/britannic/blacklist/main.go:43.2,45.9 2 0
github.com/britannic/blacklist/main.go:68.2,70.51 2 0
github.com/britannic/blacklist/main.go:90.2,90.16 1 0
github.com/britannic/blacklist/main.go:94.2,94.43 1 0
github.com/britannic/blacklist/main.go:110.2,112.16 3 0
github.com/britannic/blacklist/main.go:115.2,115.44 1 0
github.com/britannic/blacklist/main.go:38.16,41.3 2 0
github.com/britannic/blacklist/main.go:46.2,47.15 1 0
github.com/britannic/blacklist/main.go:49.2,51.34 2 0
github.com/britannic/blacklist/main.go:53.2,55.16 2 0
github.com/britannic/blacklist/main.go:57.2,60.13 2 0
github.com/britannic/blacklist/main.go:62.2,64.27 2 0
github.com/britannic/blacklist/main.go:70.51,71.19 1 0
github.com/britannic/blacklist/main.go:72.3,75.18 3 0
github.com/britannic/blacklist/main.go:78.4,78.17 1 0
github.com/britannic/blacklist/main.go:80.3,83.18 2 0
github.com/britannic/blacklist/main.go:86.4,87.17 2 0
github.com/britannic/blacklist/main.go:75.18,77.5 1 0
github.com/britannic/blacklist/main.go:83.18,85.5 1 0
github.com/britannic/blacklist/main.go:90.16,92.3 1 0
github.com/britannic/blacklist/main.go:94.43,98.58 2 0
github.com/britannic/blacklist/main.go:102.3,105.60 3 0
github.com/britannic/blacklist/main.go:98.58,100.4 1 0
github.com/britannic/blacklist/main.go:105.60,107.4 1 0
github.com/britannic/blacklist/main.go:112.16,114.3 1 0
github.com/britannic/blacklist/opts.go:16.31,26.2 7 0
