github.com/britannic/blacklist/config/config.go:26.44,27.22 1 1
github.com/britannic/blacklist/config/config.go:30.2,31.8 2 1
github.com/britannic/blacklist/config/config.go:27.22,29.3 1 1
github.com/britannic/blacklist/config/config.go:35.45,36.36 1 1
github.com/britannic/blacklist/config/config.go:41.2,42.14 2 1
github.com/britannic/blacklist/config/config.go:36.36,37.36 1 1
github.com/britannic/blacklist/config/config.go:37.36,39.4 1 1
github.com/britannic/blacklist/config/config.go:46.45,47.36 1 1
github.com/britannic/blacklist/config/config.go:79.2,79.15 1 1
github.com/britannic/blacklist/config/config.go:47.36,51.26 2 1
github.com/britannic/blacklist/config/config.go:55.3,55.10 1 1
github.com/britannic/blacklist/config/config.go:72.3,72.38 1 1
github.com/britannic/blacklist/config/config.go:77.3,77.17 1 1
github.com/britannic/blacklist/config/config.go:51.26,53.4 1 1
github.com/britannic/blacklist/config/config.go:56.3,58.44 2 1
github.com/britannic/blacklist/config/config.go:61.3,62.86 1 1
github.com/britannic/blacklist/config/config.go:63.3,65.44 2 1
github.com/britannic/blacklist/config/config.go:68.3,69.86 1 1
github.com/britannic/blacklist/config/config.go:58.44,60.5 1 1
github.com/britannic/blacklist/config/config.go:65.44,67.5 1 1
github.com/britannic/blacklist/config/config.go:72.38,73.41 1 1
github.com/britannic/blacklist/config/config.go:73.41,75.5 1 1
github.com/britannic/blacklist/config/config.go:83.37,106.22 3 1
github.com/britannic/blacklist/config/config.go:114.2,114.10 1 1
github.com/britannic/blacklist/config/config.go:106.22,107.12 1 1
github.com/britannic/blacklist/config/config.go:108.3,109.12 1 1
github.com/britannic/blacklist/config/config.go:110.3,111.39 1 1
github.com/britannic/blacklist/config/config.go:118.39,121.35 3 1
github.com/britannic/blacklist/config/config.go:125.2,125.8 1 1
github.com/britannic/blacklist/config/config.go:121.35,124.3 2 1
github.com/britannic/blacklist/config/config.go:132.40,133.29 1 1
github.com/britannic/blacklist/config/config.go:136.2,136.14 1 1
github.com/britannic/blacklist/config/config.go:133.29,135.3 1 1
github.com/britannic/blacklist/config/config.go:140.43,142.22 2 1
github.com/britannic/blacklist/config/config.go:147.2,147.23 1 1
github.com/britannic/blacklist/config/config.go:142.22,143.21 1 1
github.com/britannic/blacklist/config/config.go:143.21,145.4 1 1
github.com/britannic/blacklist/config/config.go:154.25,154.42 1 1
github.com/britannic/blacklist/config/config.go:157.30,157.57 1 1
github.com/britannic/blacklist/config/config.go:160.35,160.57 1 1
github.com/britannic/blacklist/config/config.go:190.28,191.34 1 1
github.com/britannic/blacklist/config/config.go:194.2,194.14 1 1
github.com/britannic/blacklist/config/config.go:191.34,193.3 1 1
github.com/britannic/blacklist/config/config.go:198.38,199.18 1 1
github.com/britannic/blacklist/config/config.go:214.2,214.15 1 1
github.com/britannic/blacklist/config/config.go:199.18,201.12 2 1
github.com/britannic/blacklist/config/config.go:202.3,203.30 1 1
github.com/britannic/blacklist/config/config.go:204.3,205.32 1 1
github.com/britannic/blacklist/config/config.go:206.3,207.33 1 1
github.com/britannic/blacklist/config/config.go:208.3,209.27 1 1
github.com/britannic/blacklist/config/config.go:210.3,211.22 1 1
github.com/britannic/blacklist/config/config.go:218.62,221.29 3 1
github.com/britannic/blacklist/config/config.go:225.2,229.16 4 1
github.com/britannic/blacklist/config/config.go:233.2,234.15 2 1
github.com/britannic/blacklist/config/config.go:221.29,223.3 1 1
github.com/britannic/blacklist/config/config.go:229.16,231.3 1 1
github.com/britannic/blacklist/config/config.go:238.23,242.32 4 1
github.com/britannic/blacklist/config/config.go:247.2,247.14 1 1
github.com/britannic/blacklist/config/config.go:242.32,243.26 1 0
github.com/britannic/blacklist/config/config.go:243.26,245.4 1 0
github.com/britannic/blacklist/config/config.go:251.55,258.18 2 1
github.com/britannic/blacklist/config/config.go:263.2,267.48 3 1
github.com/britannic/blacklist/config/config.go:326.2,326.22 1 1
github.com/britannic/blacklist/config/config.go:258.18,261.3 2 1
github.com/britannic/blacklist/config/config.go:267.48,270.10 2 1
github.com/britannic/blacklist/config/config.go:271.3,273.21 2 1
github.com/britannic/blacklist/config/config.go:280.3,285.32 5 1
github.com/britannic/blacklist/config/config.go:287.3,292.26 4 1
github.com/britannic/blacklist/config/config.go:296.3,297.59 1 1
github.com/britannic/blacklist/config/config.go:299.3,302.19 2 1
github.com/britannic/blacklist/config/config.go:316.3,317.17 1 1
github.com/britannic/blacklist/config/config.go:319.3,321.31 2 1
github.com/britannic/blacklist/config/config.go:274.4,275.71 1 1
github.com/britannic/blacklist/config/config.go:276.4,277.71 1 1
github.com/britannic/blacklist/config/config.go:292.26,294.5 1 1
github.com/britannic/blacklist/config/config.go:303.4,304.47 1 1
github.com/britannic/blacklist/config/config.go:306.4,307.46 1 1
github.com/britannic/blacklist/config/config.go:309.4,310.47 1 1
github.com/britannic/blacklist/config/config.go:312.4,313.32 1 1
