github.com/britannic/blacklist/utils/utils.go:17.32,19.35 1 1
github.com/britannic/blacklist/utils/utils.go:27.2,27.35 1 1
github.com/britannic/blacklist/utils/utils.go:33.2,33.10 1 1
github.com/britannic/blacklist/utils/utils.go:19.35,20.18 1 1
github.com/britannic/blacklist/utils/utils.go:20.18,22.9 2 1
github.com/britannic/blacklist/utils/utils.go:27.35,28.18 1 1
github.com/britannic/blacklist/utils/utils.go:28.18,30.9 2 1
github.com/britannic/blacklist/utils/utils.go:37.32,39.2 1 1
github.com/britannic/blacklist/utils/utils.go:42.54,43.15 1 1
github.com/britannic/blacklist/utils/utils.go:46.2,46.10 1 1
github.com/britannic/blacklist/utils/utils.go:43.15,45.3 1 1
github.com/britannic/blacklist/utils/utils.go:50.60,51.15 1 1
github.com/britannic/blacklist/utils/utils.go:54.2,54.10 1 1
github.com/britannic/blacklist/utils/utils.go:51.15,53.3 1 1
github.com/britannic/blacklist/utils/utils.go:58.58,62.2 3 1
github.com/britannic/blacklist/utils/utils.go:65.21,67.15 2 1
github.com/britannic/blacklist/utils/utils.go:68.2,69.14 1 0
github.com/britannic/blacklist/utils/utils.go:70.2,71.15 1 1
github.com/britannic/blacklist/utils/utils.go:76.42,82.2 4 1
github.com/britannic/blacklist/utils/utils.go:85.49,87.16 2 1
github.com/britannic/blacklist/utils/utils.go:91.2,91.21 1 1
github.com/britannic/blacklist/utils/utils.go:98.2,101.6 4 1
github.com/britannic/blacklist/utils/utils.go:120.2,120.12 1 1
github.com/britannic/blacklist/utils/utils.go:87.16,89.3 1 1
github.com/britannic/blacklist/utils/utils.go:91.21,92.34 1 1
github.com/britannic/blacklist/utils/utils.go:95.3,95.13 1 1
github.com/britannic/blacklist/utils/utils.go:92.34,94.4 1 0
github.com/britannic/blacklist/utils/utils.go:101.6,103.34 2 1
github.com/britannic/blacklist/utils/utils.go:107.3,107.13 1 1
github.com/britannic/blacklist/utils/utils.go:111.3,111.44 1 1
github.com/britannic/blacklist/utils/utils.go:115.3,115.34 1 1
github.com/britannic/blacklist/utils/utils.go:103.34,105.4 1 0
github.com/britannic/blacklist/utils/utils.go:107.13,108.9 1 1
github.com/britannic/blacklist/utils/utils.go:111.44,113.4 1 0
github.com/britannic/blacklist/utils/utils.go:115.34,117.4 1 0
github.com/britannic/blacklist/utils/utils.go:17.32,19.35 1 1
github.com/britannic/blacklist/utils/utils.go:27.2,27.35 1 1
github.com/britannic/blacklist/utils/utils.go:33.2,33.10 1 1
github.com/britannic/blacklist/utils/utils.go:19.35,20.18 1 1
github.com/britannic/blacklist/utils/utils.go:20.18,22.9 2 1
github.com/britannic/blacklist/utils/utils.go:27.35,28.18 1 1
github.com/britannic/blacklist/utils/utils.go:28.18,30.9 2 1
github.com/britannic/blacklist/utils/utils.go:37.32,39.2 1 1
github.com/britannic/blacklist/utils/utils.go:42.54,43.15 1 1
github.com/britannic/blacklist/utils/utils.go:46.2,46.10 1 1
github.com/britannic/blacklist/utils/utils.go:43.15,45.3 1 1
github.com/britannic/blacklist/utils/utils.go:50.60,51.15 1 1
github.com/britannic/blacklist/utils/utils.go:54.2,54.10 1 1
github.com/britannic/blacklist/utils/utils.go:51.15,53.3 1 1
github.com/britannic/blacklist/utils/utils.go:58.58,62.2 3 1
github.com/britannic/blacklist/utils/utils.go:65.21,67.15 2 1
github.com/britannic/blacklist/utils/utils.go:68.2,69.14 1 0
github.com/britannic/blacklist/utils/utils.go:70.2,71.15 1 1
github.com/britannic/blacklist/utils/utils.go:76.42,82.2 4 1
github.com/britannic/blacklist/utils/utils.go:85.49,87.16 2 1
github.com/britannic/blacklist/utils/utils.go:91.2,91.21 1 1
github.com/britannic/blacklist/utils/utils.go:98.2,101.6 4 1
github.com/britannic/blacklist/utils/utils.go:120.2,120.12 1 1
github.com/britannic/blacklist/utils/utils.go:87.16,89.3 1 1
github.com/britannic/blacklist/utils/utils.go:91.21,92.34 1 1
github.com/britannic/blacklist/utils/utils.go:95.3,95.13 1 1
github.com/britannic/blacklist/utils/utils.go:92.34,94.4 1 0
github.com/britannic/blacklist/utils/utils.go:101.6,103.34 2 1
github.com/britannic/blacklist/utils/utils.go:107.3,107.13 1 1
github.com/britannic/blacklist/utils/utils.go:111.3,111.44 1 1
github.com/britannic/blacklist/utils/utils.go:115.3,115.34 1 1
github.com/britannic/blacklist/utils/utils.go:103.34,105.4 1 0
github.com/britannic/blacklist/utils/utils.go:107.13,108.9 1 1
github.com/britannic/blacklist/utils/utils.go:111.44,113.4 1 0
github.com/britannic/blacklist/utils/utils.go:115.34,117.4 1 0
github.com/britannic/blacklist/utils/utils.go:17.32,19.35 1 1
github.com/britannic/blacklist/utils/utils.go:27.2,27.35 1 1
github.com/britannic/blacklist/utils/utils.go:33.2,33.10 1 1
github.com/britannic/blacklist/utils/utils.go:19.35,20.18 1 1
github.com/britannic/blacklist/utils/utils.go:20.18,22.9 2 1
github.com/britannic/blacklist/utils/utils.go:27.35,28.18 1 1
github.com/britannic/blacklist/utils/utils.go:28.18,30.9 2 1
github.com/britannic/blacklist/utils/utils.go:37.32,39.2 1 1
github.com/britannic/blacklist/utils/utils.go:42.54,43.15 1 1
github.com/britannic/blacklist/utils/utils.go:46.2,46.10 1 1
github.com/britannic/blacklist/utils/utils.go:43.15,45.3 1 1
github.com/britannic/blacklist/utils/utils.go:50.60,51.15 1 1
github.com/britannic/blacklist/utils/utils.go:54.2,54.10 1 1
github.com/britannic/blacklist/utils/utils.go:51.15,53.3 1 1
github.com/britannic/blacklist/utils/utils.go:58.58,62.2 3 1
github.com/britannic/blacklist/utils/utils.go:65.21,67.15 2 1
github.com/britannic/blacklist/utils/utils.go:68.2,69.14 1 0
github.com/britannic/blacklist/utils/utils.go:70.2,71.15 1 1
github.com/britannic/blacklist/utils/utils.go:76.42,82.2 4 1
github.com/britannic/blacklist/utils/utils.go:85.49,87.16 2 1
github.com/britannic/blacklist/utils/utils.go:91.2,91.21 1 1
github.com/britannic/blacklist/utils/utils.go:98.2,101.6 4 1
github.com/britannic/blacklist/utils/utils.go:120.2,120.12 1 1
github.com/britannic/blacklist/utils/utils.go:87.16,89.3 1 1
github.com/britannic/blacklist/utils/utils.go:91.21,92.34 1 1
github.com/britannic/blacklist/utils/utils.go:95.3,95.13 1 1
github.com/britannic/blacklist/utils/utils.go:92.34,94.4 1 0
github.com/britannic/blacklist/utils/utils.go:101.6,103.34 2 1
github.com/britannic/blacklist/utils/utils.go:107.3,107.13 1 1
github.com/britannic/blacklist/utils/utils.go:111.3,111.44 1 1
github.com/britannic/blacklist/utils/utils.go:115.3,115.34 1 1
github.com/britannic/blacklist/utils/utils.go:103.34,105.4 1 0
github.com/britannic/blacklist/utils/utils.go:107.13,108.9 1 1
github.com/britannic/blacklist/utils/utils.go:111.44,113.4 1 0
github.com/britannic/blacklist/utils/utils.go:115.34,117.4 1 0
github.com/britannic/blacklist/utils/utils.go:17.32,19.35 1 1
github.com/britannic/blacklist/utils/utils.go:27.2,27.35 1 1
github.com/britannic/blacklist/utils/utils.go:33.2,33.10 1 1
github.com/britannic/blacklist/utils/utils.go:19.35,20.18 1 1
github.com/britannic/blacklist/utils/utils.go:20.18,22.9 2 1
github.com/britannic/blacklist/utils/utils.go:27.35,28.18 1 1
github.com/britannic/blacklist/utils/utils.go:28.18,30.9 2 1
github.com/britannic/blacklist/utils/utils.go:37.32,39.2 1 1
github.com/britannic/blacklist/utils/utils.go:42.54,43.15 1 1
github.com/britannic/blacklist/utils/utils.go:46.2,46.10 1 1
github.com/britannic/blacklist/utils/utils.go:43.15,45.3 1 1
github.com/britannic/blacklist/utils/utils.go:50.60,51.15 1 1
github.com/britannic/blacklist/utils/utils.go:54.2,54.10 1 1
github.com/britannic/blacklist/utils/utils.go:51.15,53.3 1 1
github.com/britannic/blacklist/utils/utils.go:58.58,62.2 3 1
github.com/britannic/blacklist/utils/utils.go:65.21,67.15 2 1
github.com/britannic/blacklist/utils/utils.go:68.2,69.14 1 0
github.com/britannic/blacklist/utils/utils.go:70.2,71.15 1 1
github.com/britannic/blacklist/utils/utils.go:76.42,82.2 4 1
github.com/britannic/blacklist/utils/utils.go:85.49,87.16 2 1
github.com/britannic/blacklist/utils/utils.go:91.2,91.21 1 1
github.com/britannic/blacklist/utils/utils.go:98.2,101.6 4 1
github.com/britannic/blacklist/utils/utils.go:120.2,120.12 1 1
github.com/britannic/blacklist/utils/utils.go:87.16,89.3 1 1
github.com/britannic/blacklist/utils/utils.go:91.21,92.34 1 1
github.com/britannic/blacklist/utils/utils.go:95.3,95.13 1 1
github.com/britannic/blacklist/utils/utils.go:92.34,94.4 1 0
github.com/britannic/blacklist/utils/utils.go:101.6,103.34 2 1
github.com/britannic/blacklist/utils/utils.go:107.3,107.13 1 1
github.com/britannic/blacklist/utils/utils.go:111.3,111.44 1 1
github.com/britannic/blacklist/utils/utils.go:115.3,115.34 1 1
github.com/britannic/blacklist/utils/utils.go:103.34,105.4 1 0
github.com/britannic/blacklist/utils/utils.go:107.13,108.9 1 1
github.com/britannic/blacklist/utils/utils.go:111.44,113.4 1 0
github.com/britannic/blacklist/utils/utils.go:115.34,117.4 1 0
github.com/britannic/blacklist/utils/utils.go:17.32,19.35 1 1
github.com/britannic/blacklist/utils/utils.go:27.2,27.35 1 1
github.com/britannic/blacklist/utils/utils.go:33.2,33.10 1 1
github.com/britannic/blacklist/utils/utils.go:19.35,20.18 1 1
github.com/britannic/blacklist/utils/utils.go:20.18,22.9 2 1
github.com/britannic/blacklist/utils/utils.go:27.35,28.18 1 1
github.com/britannic/blacklist/utils/utils.go:28.18,30.9 2 1
github.com/britannic/blacklist/utils/utils.go:37.32,39.2 1 1
github.com/britannic/blacklist/utils/utils.go:42.54,43.15 1 1
github.com/britannic/blacklist/utils/utils.go:46.2,46.10 1 1
github.com/britannic/blacklist/utils/utils.go:43.15,45.3 1 1
github.com/britannic/blacklist/utils/utils.go:50.60,51.15 1 1
github.com/britannic/blacklist/utils/utils.go:54.2,54.10 1 1
github.com/britannic/blacklist/utils/utils.go:51.15,53.3 1 1
github.com/britannic/blacklist/utils/utils.go:58.58,62.2 3 1
github.com/britannic/blacklist/utils/utils.go:65.21,67.15 2 1
github.com/britannic/blacklist/utils/utils.go:68.2,69.14 1 0
github.com/britannic/blacklist/utils/utils.go:70.2,71.15 1 1
github.com/britannic/blacklist/utils/utils.go:76.42,82.2 4 1
github.com/britannic/blacklist/utils/utils.go:85.49,87.16 2 1
github.com/britannic/blacklist/utils/utils.go:91.2,91.21 1 1
github.com/britannic/blacklist/utils/utils.go:98.2,101.6 4 1
github.com/britannic/blacklist/utils/utils.go:120.2,120.12 1 1
github.com/britannic/blacklist/utils/utils.go:87.16,89.3 1 1
github.com/britannic/blacklist/utils/utils.go:91.21,92.34 1 1
github.com/britannic/blacklist/utils/utils.go:95.3,95.13 1 1
github.com/britannic/blacklist/utils/utils.go:92.34,94.4 1 0
github.com/britannic/blacklist/utils/utils.go:101.6,103.34 2 1
github.com/britannic/blacklist/utils/utils.go:107.3,107.13 1 1
github.com/britannic/blacklist/utils/utils.go:111.3,111.44 1 1
github.com/britannic/blacklist/utils/utils.go:115.3,115.34 1 1
github.com/britannic/blacklist/utils/utils.go:103.34,105.4 1 0
github.com/britannic/blacklist/utils/utils.go:107.13,108.9 1 1
github.com/britannic/blacklist/utils/utils.go:111.44,113.4 1 0
github.com/britannic/blacklist/utils/utils.go:115.34,117.4 1 0
github.com/britannic/blacklist/utils/utils.go:17.32,19.35 1 1
github.com/britannic/blacklist/utils/utils.go:27.2,27.35 1 1
github.com/britannic/blacklist/utils/utils.go:33.2,33.10 1 1
github.com/britannic/blacklist/utils/utils.go:19.35,20.18 1 1
github.com/britannic/blacklist/utils/utils.go:20.18,22.9 2 1
github.com/britannic/blacklist/utils/utils.go:27.35,28.18 1 1
github.com/britannic/blacklist/utils/utils.go:28.18,30.9 2 1
github.com/britannic/blacklist/utils/utils.go:37.32,39.2 1 1
github.com/britannic/blacklist/utils/utils.go:42.54,43.15 1 1
github.com/britannic/blacklist/utils/utils.go:46.2,46.10 1 1
github.com/britannic/blacklist/utils/utils.go:43.15,45.3 1 1
github.com/britannic/blacklist/utils/utils.go:50.60,51.15 1 1
github.com/britannic/blacklist/utils/utils.go:54.2,54.10 1 1
github.com/britannic/blacklist/utils/utils.go:51.15,53.3 1 1
github.com/britannic/blacklist/utils/utils.go:58.58,62.2 3 1
github.com/britannic/blacklist/utils/utils.go:65.21,67.15 2 1
github.com/britannic/blacklist/utils/utils.go:68.2,69.14 1 0
github.com/britannic/blacklist/utils/utils.go:70.2,71.15 1 1
github.com/britannic/blacklist/utils/utils.go:76.42,82.2 4 1
github.com/britannic/blacklist/utils/utils.go:85.49,87.16 2 1
github.com/britannic/blacklist/utils/utils.go:91.2,91.21 1 1
github.com/britannic/blacklist/utils/utils.go:98.2,101.6 4 1
github.com/britannic/blacklist/utils/utils.go:120.2,120.12 1 1
github.com/britannic/blacklist/utils/utils.go:87.16,89.3 1 1
github.com/britannic/blacklist/utils/utils.go:91.21,92.34 1 1
github.com/britannic/blacklist/utils/utils.go:95.3,95.13 1 1
github.com/britannic/blacklist/utils/utils.go:92.34,94.4 1 0
github.com/britannic/blacklist/utils/utils.go:101.6,103.34 2 1
github.com/britannic/blacklist/utils/utils.go:107.3,107.13 1 1
github.com/britannic/blacklist/utils/utils.go:111.3,111.44 1 1
github.com/britannic/blacklist/utils/utils.go:115.3,115.34 1 1
github.com/britannic/blacklist/utils/utils.go:103.34,105.4 1 0
github.com/britannic/blacklist/utils/utils.go:107.13,108.9 1 1
github.com/britannic/blacklist/utils/utils.go:111.44,113.4 1 0
github.com/britannic/blacklist/utils/utils.go:115.34,117.4 1 0
github.com/britannic/blacklist/utils/utils.go:17.32,19.35 1 1
github.com/britannic/blacklist/utils/utils.go:27.2,27.35 1 1
github.com/britannic/blacklist/utils/utils.go:33.2,33.10 1 1
github.com/britannic/blacklist/utils/utils.go:19.35,20.18 1 1
github.com/britannic/blacklist/utils/utils.go:20.18,22.9 2 1
github.com/britannic/blacklist/utils/utils.go:27.35,28.18 1 1
github.com/britannic/blacklist/utils/utils.go:28.18,30.9 2 1
github.com/britannic/blacklist/utils/utils.go:37.32,39.2 1 1
github.com/britannic/blacklist/utils/utils.go:42.54,43.15 1 1
github.com/britannic/blacklist/utils/utils.go:46.2,46.10 1 1
github.com/britannic/blacklist/utils/utils.go:43.15,45.3 1 1
github.com/britannic/blacklist/utils/utils.go:50.60,51.15 1 1
github.com/britannic/blacklist/utils/utils.go:54.2,54.10 1 1
github.com/britannic/blacklist/utils/utils.go:51.15,53.3 1 1
github.com/britannic/blacklist/utils/utils.go:58.58,62.2 3 1
github.com/britannic/blacklist/utils/utils.go:65.21,67.15 2 1
github.com/britannic/blacklist/utils/utils.go:68.2,69.14 1 0
github.com/britannic/blacklist/utils/utils.go:70.2,71.15 1 1
github.com/britannic/blacklist/utils/utils.go:76.42,82.2 4 1
github.com/britannic/blacklist/utils/utils.go:85.49,87.16 2 1
github.com/britannic/blacklist/utils/utils.go:91.2,91.21 1 1
github.com/britannic/blacklist/utils/utils.go:98.2,101.6 4 1
github.com/britannic/blacklist/utils/utils.go:120.2,120.12 1 1
github.com/britannic/blacklist/utils/utils.go:87.16,89.3 1 1
github.com/britannic/blacklist/utils/utils.go:91.21,92.34 1 1
github.com/britannic/blacklist/utils/utils.go:95.3,95.13 1 1
github.com/britannic/blacklist/utils/utils.go:92.34,94.4 1 0
github.com/britannic/blacklist/utils/utils.go:101.6,103.34 2 1
github.com/britannic/blacklist/utils/utils.go:107.3,107.13 1 1
github.com/britannic/blacklist/utils/utils.go:111.3,111.44 1 1
github.com/britannic/blacklist/utils/utils.go:115.3,115.34 1 1
github.com/britannic/blacklist/utils/utils.go:103.34,105.4 1 0
github.com/britannic/blacklist/utils/utils.go:107.13,108.9 1 1
github.com/britannic/blacklist/utils/utils.go:111.44,113.4 1 0
github.com/britannic/blacklist/utils/utils.go:115.34,117.4 1 0
github.com/britannic/blacklist/utils/utils.go:17.32,19.35 1 1
github.com/britannic/blacklist/utils/utils.go:27.2,27.35 1 1
github.com/britannic/blacklist/utils/utils.go:33.2,33.10 1 1
github.com/britannic/blacklist/utils/utils.go:19.35,20.18 1 1
github.com/britannic/blacklist/utils/utils.go:20.18,22.9 2 1
github.com/britannic/blacklist/utils/utils.go:27.35,28.18 1 1
github.com/britannic/blacklist/utils/utils.go:28.18,30.9 2 1
github.com/britannic/blacklist/utils/utils.go:37.32,39.2 1 1
github.com/britannic/blacklist/utils/utils.go:42.54,43.15 1 1
github.com/britannic/blacklist/utils/utils.go:46.2,46.10 1 1
github.com/britannic/blacklist/utils/utils.go:43.15,45.3 1 1
github.com/britannic/blacklist/utils/utils.go:50.60,51.15 1 1
github.com/britannic/blacklist/utils/utils.go:54.2,54.10 1 1
github.com/britannic/blacklist/utils/utils.go:51.15,53.3 1 1
github.com/britannic/blacklist/utils/utils.go:58.58,62.2 3 1
github.com/britannic/blacklist/utils/utils.go:65.21,67.15 2 1
github.com/britannic/blacklist/utils/utils.go:68.2,69.14 1 0
github.com/britannic/blacklist/utils/utils.go:70.2,71.15 1 1
github.com/britannic/blacklist/utils/utils.go:76.42,82.2 4 1
github.com/britannic/blacklist/utils/utils.go:85.49,87.16 2 1
github.com/britannic/blacklist/utils/utils.go:91.2,91.21 1 1
github.com/britannic/blacklist/utils/utils.go:98.2,101.6 4 1
github.com/britannic/blacklist/utils/utils.go:120.2,120.12 1 1
github.com/britannic/blacklist/utils/utils.go:87.16,89.3 1 1
github.com/britannic/blacklist/utils/utils.go:91.21,92.34 1 1
github.com/britannic/blacklist/utils/utils.go:95.3,95.13 1 1
github.com/britannic/blacklist/utils/utils.go:92.34,94.4 1 0
github.com/britannic/blacklist/utils/utils.go:101.6,103.34 2 1
github.com/britannic/blacklist/utils/utils.go:107.3,107.13 1 1
github.com/britannic/blacklist/utils/utils.go:111.3,111.44 1 1
github.com/britannic/blacklist/utils/utils.go:115.3,115.34 1 1
github.com/britannic/blacklist/utils/utils.go:103.34,105.4 1 0
github.com/britannic/blacklist/utils/utils.go:107.13,108.9 1 1
github.com/britannic/blacklist/utils/utils.go:111.44,113.4 1 0
github.com/britannic/blacklist/utils/utils.go:115.34,117.4 1 0
github.com/britannic/blacklist/utils/utils.go:17.32,19.35 1 1
github.com/britannic/blacklist/utils/utils.go:27.2,27.35 1 1
github.com/britannic/blacklist/utils/utils.go:33.2,33.10 1 1
github.com/britannic/blacklist/utils/utils.go:19.35,20.18 1 1
github.com/britannic/blacklist/utils/utils.go:20.18,22.9 2 1
github.com/britannic/blacklist/utils/utils.go:27.35,28.18 1 1
github.com/britannic/blacklist/utils/utils.go:28.18,30.9 2 1
github.com/britannic/blacklist/utils/utils.go:37.32,39.2 1 1
github.com/britannic/blacklist/utils/utils.go:42.54,43.15 1 1
github.com/britannic/blacklist/utils/utils.go:46.2,46.10 1 1
github.com/britannic/blacklist/utils/utils.go:43.15,45.3 1 1
github.com/britannic/blacklist/utils/utils.go:50.60,51.15 1 1
github.com/britannic/blacklist/utils/utils.go:54.2,54.10 1 1
github.com/britannic/blacklist/utils/utils.go:51.15,53.3 1 1
github.com/britannic/blacklist/utils/utils.go:58.58,62.2 3 1
github.com/britannic/blacklist/utils/utils.go:65.21,67.15 2 1
github.com/britannic/blacklist/utils/utils.go:68.2,69.14 1 0
github.com/britannic/blacklist/utils/utils.go:70.2,71.15 1 1
github.com/britannic/blacklist/utils/utils.go:76.42,82.2 4 1
github.com/britannic/blacklist/utils/utils.go:85.49,87.16 2 1
github.com/britannic/blacklist/utils/utils.go:91.2,91.21 1 1
github.com/britannic/blacklist/utils/utils.go:98.2,101.6 4 1
github.com/britannic/blacklist/utils/utils.go:120.2,120.12 1 1
github.com/britannic/blacklist/utils/utils.go:87.16,89.3 1 1
github.com/britannic/blacklist/utils/utils.go:91.21,92.34 1 1
github.com/britannic/blacklist/utils/utils.go:95.3,95.13 1 1
github.com/britannic/blacklist/utils/utils.go:92.34,94.4 1 0
github.com/britannic/blacklist/utils/utils.go:101.6,103.34 2 1
github.com/britannic/blacklist/utils/utils.go:107.3,107.13 1 1
github.com/britannic/blacklist/utils/utils.go:111.3,111.44 1 1
github.com/britannic/blacklist/utils/utils.go:115.3,115.34 1 1
github.com/britannic/blacklist/utils/utils.go:103.34,105.4 1 0
github.com/britannic/blacklist/utils/utils.go:107.13,108.9 1 1
github.com/britannic/blacklist/utils/utils.go:111.44,113.4 1 0
github.com/britannic/blacklist/utils/utils.go:115.34,117.4 1 0
github.com/britannic/blacklist/utils/utils.go:17.32,19.35 1 1
github.com/britannic/blacklist/utils/utils.go:27.2,27.35 1 1
github.com/britannic/blacklist/utils/utils.go:33.2,33.10 1 1
github.com/britannic/blacklist/utils/utils.go:19.35,20.18 1 1
github.com/britannic/blacklist/utils/utils.go:20.18,22.9 2 1
github.com/britannic/blacklist/utils/utils.go:27.35,28.18 1 1
github.com/britannic/blacklist/utils/utils.go:28.18,30.9 2 1
github.com/britannic/blacklist/utils/utils.go:37.32,39.2 1 1
github.com/britannic/blacklist/utils/utils.go:42.54,43.15 1 1
github.com/britannic/blacklist/utils/utils.go:46.2,46.10 1 1
github.com/britannic/blacklist/utils/utils.go:43.15,45.3 1 1
github.com/britannic/blacklist/utils/utils.go:50.60,51.15 1 1
github.com/britannic/blacklist/utils/utils.go:54.2,54.10 1 1
github.com/britannic/blacklist/utils/utils.go:51.15,53.3 1 1
github.com/britannic/blacklist/utils/utils.go:58.58,62.2 3 1
github.com/britannic/blacklist/utils/utils.go:65.21,67.15 2 1
github.com/britannic/blacklist/utils/utils.go:68.2,69.14 1 0
github.com/britannic/blacklist/utils/utils.go:70.2,71.15 1 1
github.com/britannic/blacklist/utils/utils.go:76.42,82.2 4 1
github.com/britannic/blacklist/utils/utils.go:85.49,87.16 2 1
github.com/britannic/blacklist/utils/utils.go:91.2,91.21 1 1
github.com/britannic/blacklist/utils/utils.go:98.2,101.6 4 1
github.com/britannic/blacklist/utils/utils.go:120.2,120.12 1 1
github.com/britannic/blacklist/utils/utils.go:87.16,89.3 1 1
github.com/britannic/blacklist/utils/utils.go:91.21,92.34 1 1
github.com/britannic/blacklist/utils/utils.go:95.3,95.13 1 1
github.com/britannic/blacklist/utils/utils.go:92.34,94.4 1 0
github.com/britannic/blacklist/utils/utils.go:101.6,103.34 2 1
github.com/britannic/blacklist/utils/utils.go:107.3,107.13 1 1
github.com/britannic/blacklist/utils/utils.go:111.3,111.44 1 1
github.com/britannic/blacklist/utils/utils.go:115.3,115.34 1 1
github.com/britannic/blacklist/utils/utils.go:103.34,105.4 1 0
github.com/britannic/blacklist/utils/utils.go:107.13,108.9 1 1
github.com/britannic/blacklist/utils/utils.go:111.44,113.4 1 0
github.com/britannic/blacklist/utils/utils.go:115.34,117.4 1 0
github.com/britannic/blacklist/utils/utils.go:17.32,19.35 1 1
github.com/britannic/blacklist/utils/utils.go:27.2,27.35 1 1
github.com/britannic/blacklist/utils/utils.go:33.2,33.10 1 1
github.com/britannic/blacklist/utils/utils.go:19.35,20.18 1 1
github.com/britannic/blacklist/utils/utils.go:20.18,22.9 2 1
github.com/britannic/blacklist/utils/utils.go:27.35,28.18 1 1
github.com/britannic/blacklist/utils/utils.go:28.18,30.9 2 1
github.com/britannic/blacklist/utils/utils.go:37.32,39.2 1 1
github.com/britannic/blacklist/utils/utils.go:42.54,43.15 1 1
github.com/britannic/blacklist/utils/utils.go:46.2,46.10 1 1
github.com/britannic/blacklist/utils/utils.go:43.15,45.3 1 1
github.com/britannic/blacklist/utils/utils.go:50.60,51.15 1 1
github.com/britannic/blacklist/utils/utils.go:54.2,54.10 1 1
github.com/britannic/blacklist/utils/utils.go:51.15,53.3 1 1
github.com/britannic/blacklist/utils/utils.go:58.58,62.2 3 1
github.com/britannic/blacklist/utils/utils.go:65.21,67.15 2 1
github.com/britannic/blacklist/utils/utils.go:68.2,69.14 1 0
github.com/britannic/blacklist/utils/utils.go:70.2,71.15 1 1
github.com/britannic/blacklist/utils/utils.go:76.42,82.2 4 1
github.com/britannic/blacklist/utils/utils.go:85.49,87.16 2 1
github.com/britannic/blacklist/utils/utils.go:91.2,91.21 1 1
github.com/britannic/blacklist/utils/utils.go:98.2,101.6 4 1
github.com/britannic/blacklist/utils/utils.go:120.2,120.12 1 1
github.com/britannic/blacklist/utils/utils.go:87.16,89.3 1 1
github.com/britannic/blacklist/utils/utils.go:91.21,92.34 1 1
github.com/britannic/blacklist/utils/utils.go:95.3,95.13 1 1
github.com/britannic/blacklist/utils/utils.go:92.34,94.4 1 0
github.com/britannic/blacklist/utils/utils.go:101.6,103.34 2 1
github.com/britannic/blacklist/utils/utils.go:107.3,107.13 1 1
github.com/britannic/blacklist/utils/utils.go:111.3,111.44 1 1
github.com/britannic/blacklist/utils/utils.go:115.3,115.34 1 1
github.com/britannic/blacklist/utils/utils.go:103.34,105.4 1 0
github.com/britannic/blacklist/utils/utils.go:107.13,108.9 1 1
github.com/britannic/blacklist/utils/utils.go:111.44,113.4 1 0
github.com/britannic/blacklist/utils/utils.go:115.34,117.4 1 0
github.com/britannic/blacklist/utils/utils.go:17.32,19.35 1 1
github.com/britannic/blacklist/utils/utils.go:27.2,27.35 1 1
github.com/britannic/blacklist/utils/utils.go:33.2,33.10 1 1
github.com/britannic/blacklist/utils/utils.go:19.35,20.18 1 1
github.com/britannic/blacklist/utils/utils.go:20.18,22.9 2 1
github.com/britannic/blacklist/utils/utils.go:27.35,28.18 1 1
github.com/britannic/blacklist/utils/utils.go:28.18,30.9 2 1
github.com/britannic/blacklist/utils/utils.go:37.32,39.2 1 1
github.com/britannic/blacklist/utils/utils.go:42.54,43.15 1 1
github.com/britannic/blacklist/utils/utils.go:46.2,46.10 1 1
github.com/britannic/blacklist/utils/utils.go:43.15,45.3 1 1
github.com/britannic/blacklist/utils/utils.go:50.60,51.15 1 1
github.com/britannic/blacklist/utils/utils.go:54.2,54.10 1 1
github.com/britannic/blacklist/utils/utils.go:51.15,53.3 1 1
github.com/britannic/blacklist/utils/utils.go:58.58,62.2 3 1
github.com/britannic/blacklist/utils/utils.go:65.21,67.15 2 1
github.com/britannic/blacklist/utils/utils.go:68.2,69.14 1 0
github.com/britannic/blacklist/utils/utils.go:70.2,71.15 1 1
github.com/britannic/blacklist/utils/utils.go:76.42,82.2 4 1
github.com/britannic/blacklist/utils/utils.go:85.49,87.16 2 1
github.com/britannic/blacklist/utils/utils.go:91.2,91.21 1 1
github.com/britannic/blacklist/utils/utils.go:98.2,101.6 4 1
github.com/britannic/blacklist/utils/utils.go:120.2,120.12 1 1
github.com/britannic/blacklist/utils/utils.go:87.16,89.3 1 1
github.com/britannic/blacklist/utils/utils.go:91.21,92.34 1 1
github.com/britannic/blacklist/utils/utils.go:95.3,95.13 1 1
github.com/britannic/blacklist/utils/utils.go:92.34,94.4 1 0
github.com/britannic/blacklist/utils/utils.go:101.6,103.34 2 1
github.com/britannic/blacklist/utils/utils.go:107.3,107.13 1 1
github.com/britannic/blacklist/utils/utils.go:111.3,111.44 1 1
github.com/britannic/blacklist/utils/utils.go:115.3,115.34 1 1
github.com/britannic/blacklist/utils/utils.go:103.34,105.4 1 0
github.com/britannic/blacklist/utils/utils.go:107.13,108.9 1 1
github.com/britannic/blacklist/utils/utils.go:111.44,113.4 1 0
github.com/britannic/blacklist/utils/utils.go:115.34,117.4 1 0
github.com/britannic/blacklist/utils/utils.go:17.32,19.35 1 1
github.com/britannic/blacklist/utils/utils.go:27.2,27.35 1 1
github.com/britannic/blacklist/utils/utils.go:33.2,33.10 1 1
github.com/britannic/blacklist/utils/utils.go:19.35,20.18 1 1
github.com/britannic/blacklist/utils/utils.go:20.18,22.9 2 1
github.com/britannic/blacklist/utils/utils.go:27.35,28.18 1 1
github.com/britannic/blacklist/utils/utils.go:28.18,30.9 2 1
github.com/britannic/blacklist/utils/utils.go:37.32,39.2 1 1
github.com/britannic/blacklist/utils/utils.go:42.54,43.15 1 1
github.com/britannic/blacklist/utils/utils.go:46.2,46.10 1 1
github.com/britannic/blacklist/utils/utils.go:43.15,45.3 1 1
github.com/britannic/blacklist/utils/utils.go:50.60,51.15 1 1
github.com/britannic/blacklist/utils/utils.go:54.2,54.10 1 1
github.com/britannic/blacklist/utils/utils.go:51.15,53.3 1 1
github.com/britannic/blacklist/utils/utils.go:58.58,62.2 3 1
github.com/britannic/blacklist/utils/utils.go:65.21,67.15 2 1
github.com/britannic/blacklist/utils/utils.go:68.2,69.14 1 0
github.com/britannic/blacklist/utils/utils.go:70.2,71.15 1 1
github.com/britannic/blacklist/utils/utils.go:76.42,82.2 4 1
github.com/britannic/blacklist/utils/utils.go:85.49,87.16 2 1
github.com/britannic/blacklist/utils/utils.go:91.2,91.21 1 1
github.com/britannic/blacklist/utils/utils.go:98.2,101.6 4 1
github.com/britannic/blacklist/utils/utils.go:120.2,120.12 1 1
github.com/britannic/blacklist/utils/utils.go:87.16,89.3 1 1
github.com/britannic/blacklist/utils/utils.go:91.21,92.34 1 1
github.com/britannic/blacklist/utils/utils.go:95.3,95.13 1 1
github.com/britannic/blacklist/utils/utils.go:92.34,94.4 1 0
github.com/britannic/blacklist/utils/utils.go:101.6,103.34 2 1
github.com/britannic/blacklist/utils/utils.go:107.3,107.13 1 1
github.com/britannic/blacklist/utils/utils.go:111.3,111.44 1 1
github.com/britannic/blacklist/utils/utils.go:115.3,115.34 1 1
github.com/britannic/blacklist/utils/utils.go:103.34,105.4 1 0
github.com/britannic/blacklist/utils/utils.go:107.13,108.9 1 1
github.com/britannic/blacklist/utils/utils.go:111.44,113.4 1 0
github.com/britannic/blacklist/utils/utils.go:115.34,117.4 1 0
github.com/britannic/blacklist/utils/utils.go:17.32,19.35 1 1
github.com/britannic/blacklist/utils/utils.go:27.2,27.35 1 1
github.com/britannic/blacklist/utils/utils.go:33.2,33.10 1 1
github.com/britannic/blacklist/utils/utils.go:19.35,20.18 1 1
github.com/britannic/blacklist/utils/utils.go:20.18,22.9 2 1
github.com/britannic/blacklist/utils/utils.go:27.35,28.18 1 1
github.com/britannic/blacklist/utils/utils.go:28.18,30.9 2 1
github.com/britannic/blacklist/utils/utils.go:37.32,39.2 1 1
github.com/britannic/blacklist/utils/utils.go:42.54,43.15 1 1
github.com/britannic/blacklist/utils/utils.go:46.2,46.10 1 1
github.com/britannic/blacklist/utils/utils.go:43.15,45.3 1 1
github.com/britannic/blacklist/utils/utils.go:50.60,51.15 1 1
github.com/britannic/blacklist/utils/utils.go:54.2,54.10 1 1
github.com/britannic/blacklist/utils/utils.go:51.15,53.3 1 1
github.com/britannic/blacklist/utils/utils.go:58.58,62.2 3 1
github.com/britannic/blacklist/utils/utils.go:65.21,67.15 2 1
github.com/britannic/blacklist/utils/utils.go:68.2,69.14 1 0
github.com/britannic/blacklist/utils/utils.go:70.2,71.15 1 1
github.com/britannic/blacklist/utils/utils.go:76.42,82.2 4 1
github.com/britannic/blacklist/utils/utils.go:85.49,87.16 2 1
github.com/britannic/blacklist/utils/utils.go:91.2,91.21 1 1
github.com/britannic/blacklist/utils/utils.go:98.2,101.6 4 1
github.com/britannic/blacklist/utils/utils.go:120.2,120.12 1 1
github.com/britannic/blacklist/utils/utils.go:87.16,89.3 1 1
github.com/britannic/blacklist/utils/utils.go:91.21,92.34 1 1
github.com/britannic/blacklist/utils/utils.go:95.3,95.13 1 1
github.com/britannic/blacklist/utils/utils.go:92.34,94.4 1 0
github.com/britannic/blacklist/utils/utils.go:101.6,103.34 2 1
github.com/britannic/blacklist/utils/utils.go:107.3,107.13 1 1
github.com/britannic/blacklist/utils/utils.go:111.3,111.44 1 1
github.com/britannic/blacklist/utils/utils.go:115.3,115.34 1 1
github.com/britannic/blacklist/utils/utils.go:103.34,105.4 1 0
github.com/britannic/blacklist/utils/utils.go:107.13,108.9 1 1
github.com/britannic/blacklist/utils/utils.go:111.44,113.4 1 0
github.com/britannic/blacklist/utils/utils.go:115.34,117.4 1 0
github.com/britannic/blacklist/utils/utils.go:17.32,19.35 1 1
github.com/britannic/blacklist/utils/utils.go:27.2,27.35 1 1
github.com/britannic/blacklist/utils/utils.go:33.2,33.10 1 1
github.com/britannic/blacklist/utils/utils.go:19.35,20.18 1 1
github.com/britannic/blacklist/utils/utils.go:20.18,22.9 2 1
github.com/britannic/blacklist/utils/utils.go:27.35,28.18 1 1
github.com/britannic/blacklist/utils/utils.go:28.18,30.9 2 1
github.com/britannic/blacklist/utils/utils.go:37.32,39.2 1 1
github.com/britannic/blacklist/utils/utils.go:42.54,43.15 1 1
github.com/britannic/blacklist/utils/utils.go:46.2,46.10 1 1
github.com/britannic/blacklist/utils/utils.go:43.15,45.3 1 1
github.com/britannic/blacklist/utils/utils.go:50.60,51.15 1 1
github.com/britannic/blacklist/utils/utils.go:54.2,54.10 1 1
github.com/britannic/blacklist/utils/utils.go:51.15,53.3 1 1
github.com/britannic/blacklist/utils/utils.go:58.58,62.2 3 1
github.com/britannic/blacklist/utils/utils.go:65.21,67.15 2 1
github.com/britannic/blacklist/utils/utils.go:68.2,69.14 1 0
github.com/britannic/blacklist/utils/utils.go:70.2,71.15 1 1
github.com/britannic/blacklist/utils/utils.go:76.42,82.2 4 1
github.com/britannic/blacklist/utils/utils.go:85.49,87.16 2 1
github.com/britannic/blacklist/utils/utils.go:91.2,91.21 1 1
github.com/britannic/blacklist/utils/utils.go:98.2,101.6 4 1
github.com/britannic/blacklist/utils/utils.go:120.2,120.12 1 1
github.com/britannic/blacklist/utils/utils.go:87.16,89.3 1 1
github.com/britannic/blacklist/utils/utils.go:91.21,92.34 1 1
github.com/britannic/blacklist/utils/utils.go:95.3,95.13 1 1
github.com/britannic/blacklist/utils/utils.go:92.34,94.4 1 0
github.com/britannic/blacklist/utils/utils.go:101.6,103.34 2 1
github.com/britannic/blacklist/utils/utils.go:107.3,107.13 1 1
github.com/britannic/blacklist/utils/utils.go:111.3,111.44 1 1
github.com/britannic/blacklist/utils/utils.go:115.3,115.34 1 1
github.com/britannic/blacklist/utils/utils.go:103.34,105.4 1 0
github.com/britannic/blacklist/utils/utils.go:107.13,108.9 1 1
github.com/britannic/blacklist/utils/utils.go:111.44,113.4 1 0
github.com/britannic/blacklist/utils/utils.go:115.34,117.4 1 0
